Flutter crash report.
Please report a bug at https://github.com/flutter/flutter/issues.

## command

flutter analyze

## exception

_Exception: Exception: analysis server exited with code 64 and output:
[stderr]     --enable-analytics      Enable analytics.
[stderr]     --disable-analytics     Disable analytics.
[stderr]     --suppress-analytics    Disallow analytics for this `dart *` run without changing the analytics configuration.
[stderr] -h, --help                  Print this usage information.
[stderr] 
[stderr] Available commands:
[stderr]   analyze    Analyze Dart code in a directory.
[stderr]   compile    Compile Dart to various formats.
[stderr]   create     Create a new Dart project.
[stderr]   devtools   Open DevTools (optionally connecting to an existing application).
[stderr]   doc        Generate API documentation for Dart projects.
[stderr]   fix        Apply automated fixes to Dart source code.
[stderr]   format     Idiomatically format Dart source code.
[stderr]   info       Show diagnostic information about the installed tooling.
[stderr]   pub        Work with packages.
[stderr]   run        Run a Dart program.
[stderr]   test       Run tests for a project.
[stderr] 
[stderr] Run "dart help <command>" for more information about a command.
[stderr] See https://dart.dev/tools/dart-tool for detailed documentation.

```
```

## flutter doctor

```
[✓] Flutter (Channel stable, 3.29.0, on macOS 26.4.1 25E253 darwin-arm64 (Rosetta), locale en-PK) [976ms]
    • Flutter version 3.29.0 on channel stable at /Users/smt/Downloads/flutter
    • Upstream repository https://github.com/flutter/flutter.git
    • Framework revision 35c388afb5 (1 year, 5 months ago), 2025-02-10 12:48:41 -0800
    • Engine revision f73bfc4522
    • Dart version 3.7.0
    • DevTools version 2.42.2

[✓] Android toolchain - develop for Android devices (Android SDK version 36.0.0) [8.4s]
    • Android SDK at /Users/smt/Library/Android/sdk
    • Platform android-36, build-tools 36.0.0
    • Java binary at: /Applications/Android Studio.app/Contents/jbr/Contents/Home/bin/java
      This is the JDK bundled with the latest Android Studio installation on this machine.
      To manually set the JDK path, use: `flutter config --jdk-dir="path/to/jdk"`.
    • Java version OpenJDK Runtime Environment (build 17.0.10+0-17.0.10b1087.21-11609105)
    • All Android licenses accepted.

[✓] Xcode - develop for iOS and macOS (Xcode 26.3) [2.4s]
    • Xcode at /Applications/Xcode.app/Contents/Developer
    • Build 17C529
    • CocoaPods version 1.16.2

[✓] Chrome - develop for the web [26ms]
    • Chrome at /Applications/Google Chrome.app/Contents/MacOS/Google Chrome

[✓] Android Studio (version 2024.1) [24ms]
    • Android Studio at /Applications/Android Studio.app/Contents
    • Flutter plugin can be installed from:
      🔨 https://plugins.jetbrains.com/plugin/9212-flutter
    • Dart plugin can be installed from:
      🔨 https://plugins.jetbrains.com/plugin/6351-dart
    • Java version OpenJDK Runtime Environment (build 17.0.10+0-17.0.10b1087.21-11609105)

[✓] VS Code (version 1.126.0) [20ms]
    • VS Code at /Applications/Visual Studio Code.app/Contents
    • Flutter extension version 3.136.0

[✓] Connected device (3 available) [37.0s]
    • macOS (desktop)                 • macos                 • darwin-arm64   • macOS 26.4.1 25E253 darwin-arm64 (Rosetta)
    • Mac Designed for iPad (desktop) • mac-designed-for-ipad • darwin         • macOS 26.4.1 25E253 darwin-arm64 (Rosetta)
    • Chrome (web)                    • chrome                • web-javascript • Google Chrome 149.0.7827.158

[✓] Network resources [679ms]
    • All expected network resources are available.

• No issues found!
```
